[2019-07-01T22:01:06.648] [ERROR] tip - 123025,127013,123003,128035
[2019-07-01T22:17:23.150] [ERROR] tip - 123025,127013,123003,128035
[2019-07-01T22:17:23.158] [ERROR] tip - 113513,128038,113520,128053,128057,127007,123012,128039,110054,110055,128047,128049,123001,128055,128058,113514,123013,123014,128067,128063,113008,123023,113519,110042,113516,128048,110033,113527,123004,128016,123010,123021,132005,127012,123011,128066,128061,128019,110051,128064,123009,113528,123007,110057,113504,110044,113013,128065,113524,113017,128021,128040,128015,113012,128026,113518,127006,110056,128022,110058,113522,113534,127011,113024,128017,113530,113508,123017,128018,128029,110038,128051,113022,113509,128046,128014,128037,128032,128028,113502,128023,113014,127004,110031,128010,132011,128012,128013
[2019-07-01T22:18:33.139] [ERROR] tip - 123025,127013,123003,128035
[2019-07-01T22:18:33.146] [ERROR] tip - 113513,128038,113520,128053,128057,127007,123012,128039,110054,110055,128047,128049,123001,128055,128058,113514,123013,123014,128067,128063,113008,123023,113519,110042,113516,128048,110033,113527,123004,128016,123010,123021,132005,127012,123011,128066,128061,128019,110051,128064,123009,113528,123007,110057,113504,110044,113013,128065,113524,113017,128021,128040,128015,113012,128026,113518,127006,110056,128022,110058,113522,113534,127011,113024,128017,113530,113508,123017,128018,128029,110038,128051,113022,113509,128046,128014,128037,128032,128028,113502,128023,113014,127004,110031,128010,132011,128012,128013
[2019-07-02T21:33:43.807] [INFO] 转债 - 初始化规则,共找到1个
[2019-07-02T21:33:50.003] [INFO] 转债 - 任务推送:https://www.jisilu.cn/data/cbnew/cb_list/?___jsl=LST___t=1562074430003
[2019-07-02T21:33:50.005] [INFO] 转债 - 正在进行请求,目前请求数量:1:url:https://www.jisilu.cn/data/cbnew/cb_list/?___jsl=LST___t=1562074430003
[2019-07-02T21:33:50.233] [INFO] 转债 - 网络请求完成:https://www.jisilu.cn/data/cbnew/cb_list/?___jsl=LST___t=1562074430003
[2019-07-02T21:33:50.248] [INFO] 转债 - 请求完成,等待处理,https://www.jisilu.cn/data/cbnew/cb_list/?___jsl=LST___t=1562074430003
[2019-07-02T21:33:50.249] [INFO] 转债 - 正在进行数据处理:https://www.jisilu.cn/data/cbnew/cb_list/?___jsl=LST___t=1562074430003
[2019-07-02T21:33:50.252] [INFO] 转债 - 任务全部完成
[2019-07-02T21:35:33.004] [INFO] 转债 - 初始化规则,共找到1个
[2019-07-02T21:35:40.001] [INFO] 转债 - 任务推送:https://www.jisilu.cn/data/cbnew/cb_list/?___jsl=LST___t=1562074540001
[2019-07-02T21:35:40.002] [INFO] 转债 - 正在进行请求,目前请求数量:1:url:https://www.jisilu.cn/data/cbnew/cb_list/?___jsl=LST___t=1562074540001
[2019-07-02T21:35:40.182] [INFO] 转债 - 网络请求完成:https://www.jisilu.cn/data/cbnew/cb_list/?___jsl=LST___t=1562074540001
[2019-07-02T21:35:40.183] [INFO] 转债 - 请求完成,等待处理,https://www.jisilu.cn/data/cbnew/cb_list/?___jsl=LST___t=1562074540001
[2019-07-02T21:35:40.184] [INFO] 转债 - 正在进行数据处理:https://www.jisilu.cn/data/cbnew/cb_list/?___jsl=LST___t=1562074540001
[2019-07-02T21:35:40.187] [INFO] 转债 - 任务全部完成
[2019-07-02T21:35:50.002] [INFO] 转债 - 任务推送:https://www.jisilu.cn/data/cbnew/cb_list/?___jsl=LST___t=1562074550002
[2019-07-02T21:35:50.003] [INFO] 转债 - 正在进行请求,目前请求数量:1:url:https://www.jisilu.cn/data/cbnew/cb_list/?___jsl=LST___t=1562074550002
[2019-07-02T21:35:50.186] [INFO] 转债 - 网络请求完成:https://www.jisilu.cn/data/cbnew/cb_list/?___jsl=LST___t=1562074550002
[2019-07-02T21:35:50.187] [INFO] 转债 - 请求完成,等待处理,https://www.jisilu.cn/data/cbnew/cb_list/?___jsl=LST___t=1562074550002
[2019-07-02T21:35:50.188] [INFO] 转债 - 正在进行数据处理:https://www.jisilu.cn/data/cbnew/cb_list/?___jsl=LST___t=1562074550002
[2019-07-02T21:35:50.188] [INFO] 转债 - 任务全部完成
[2019-07-02T21:36:00.001] [INFO] 转债 - 任务推送:https://www.jisilu.cn/data/cbnew/cb_list/?___jsl=LST___t=1562074560001
[2019-07-02T21:36:00.004] [INFO] 转债 - 正在进行请求,目前请求数量:1:url:https://www.jisilu.cn/data/cbnew/cb_list/?___jsl=LST___t=1562074560001
[2019-07-02T21:36:00.168] [INFO] 转债 - 网络请求完成:https://www.jisilu.cn/data/cbnew/cb_list/?___jsl=LST___t=1562074560001
[2019-07-02T21:36:00.169] [INFO] 转债 - 请求完成,等待处理,https://www.jisilu.cn/data/cbnew/cb_list/?___jsl=LST___t=1562074560001
[2019-07-02T21:36:00.169] [INFO] 转债 - 正在进行数据处理:https://www.jisilu.cn/data/cbnew/cb_list/?___jsl=LST___t=1562074560001
[2019-07-02T21:36:00.170] [INFO] 转债 - 任务全部完成
[2019-07-02T21:36:36.353] [INFO] 转债 - 初始化规则,共找到1个
[2019-07-02T21:36:40.003] [INFO] 转债 - 任务推送:https://www.jisilu.cn/data/cbnew/cb_list/?___jsl=LST___t=1562074600002
[2019-07-02T21:36:40.004] [INFO] 转债 - 正在进行请求,目前请求数量:1:url:https://www.jisilu.cn/data/cbnew/cb_list/?___jsl=LST___t=1562074600002
[2019-07-02T21:36:40.187] [INFO] 转债 - 网络请求完成:https://www.jisilu.cn/data/cbnew/cb_list/?___jsl=LST___t=1562074600002
[2019-07-02T21:36:40.187] [INFO] 转债 - 请求完成,等待处理,https://www.jisilu.cn/data/cbnew/cb_list/?___jsl=LST___t=1562074600002
[2019-07-02T21:36:40.188] [INFO] 转债 - 正在进行数据处理:https://www.jisilu.cn/data/cbnew/cb_list/?___jsl=LST___t=1562074600002
[2019-07-02T21:36:40.200] [INFO] 转债 - 任务全部完成
[2019-07-02T21:37:39.402] [INFO] 转债 - 初始化规则,共找到1个
[2019-07-02T21:37:40.001] [INFO] 转债 - 任务推送:https://www.jisilu.cn/data/cbnew/cb_list/?___jsl=LST___t=1562074660001
[2019-07-02T21:37:40.003] [INFO] 转债 - 正在进行请求,目前请求数量:1:url:https://www.jisilu.cn/data/cbnew/cb_list/?___jsl=LST___t=1562074660001
[2019-07-02T21:37:40.195] [INFO] 转债 - 网络请求完成:https://www.jisilu.cn/data/cbnew/cb_list/?___jsl=LST___t=1562074660001
[2019-07-02T21:37:40.195] [INFO] 转债 - 请求完成,等待处理,https://www.jisilu.cn/data/cbnew/cb_list/?___jsl=LST___t=1562074660001
[2019-07-02T21:37:40.196] [INFO] 转债 - 正在进行数据处理:https://www.jisilu.cn/data/cbnew/cb_list/?___jsl=LST___t=1562074660001
[2019-07-02T21:37:40.201] [ERROR] tip - 113532
[2019-07-02T21:37:40.207] [INFO] 转债 - 任务全部完成
[2019-07-02T21:42:18.825] [INFO] 转债 - 初始化规则,共找到1个
[2019-07-02T21:42:20.002] [INFO] 转债 - 任务推送:https://www.jisilu.cn/data/cbnew/cb_list/?___jsl=LST___t=1562074940002
[2019-07-02T21:42:20.004] [INFO] 转债 - 正在进行请求,目前请求数量:1:url:https://www.jisilu.cn/data/cbnew/cb_list/?___jsl=LST___t=1562074940002
[2019-07-02T21:42:20.243] [INFO] 转债 - 网络请求完成:https://www.jisilu.cn/data/cbnew/cb_list/?___jsl=LST___t=1562074940002
[2019-07-02T21:42:20.244] [INFO] 转债 - 请求完成,等待处理,https://www.jisilu.cn/data/cbnew/cb_list/?___jsl=LST___t=1562074940002
[2019-07-02T21:42:20.244] [INFO] 转债 - 正在进行数据处理:https://www.jisilu.cn/data/cbnew/cb_list/?___jsl=LST___t=1562074940002
[2019-07-02T21:42:20.258] [INFO] 转债 - 任务全部完成
[2019-07-02T21:42:44.645] [INFO] 转债 - 初始化规则,共找到1个
[2019-07-02T21:42:50.001] [INFO] 转债 - 任务推送:https://www.jisilu.cn/data/cbnew/cb_list/?___jsl=LST___t=1562074970001
[2019-07-02T21:42:50.003] [INFO] 转债 - 正在进行请求,目前请求数量:1:url:https://www.jisilu.cn/data/cbnew/cb_list/?___jsl=LST___t=1562074970001
[2019-07-02T21:42:50.226] [INFO] 转债 - 网络请求完成:https://www.jisilu.cn/data/cbnew/cb_list/?___jsl=LST___t=1562074970001
[2019-07-02T21:42:50.227] [INFO] 转债 - 请求完成,等待处理,https://www.jisilu.cn/data/cbnew/cb_list/?___jsl=LST___t=1562074970001
[2019-07-02T21:42:50.228] [INFO] 转债 - 正在进行数据处理:https://www.jisilu.cn/data/cbnew/cb_list/?___jsl=LST___t=1562074970001
[2019-07-02T21:42:50.233] [INFO] 转债 - 任务全部完成
[2019-07-02T21:50:00.469] [INFO] 转债 - 初始化规则,共找到1个
[2019-07-02T21:50:10.003] [INFO] 转债 - 任务推送:https://www.jisilu.cn/data/cbnew/cb_list/?___jsl=LST___t=1562075410003
[2019-07-02T21:50:10.004] [INFO] 转债 - 正在进行请求,目前请求数量:1:url:https://www.jisilu.cn/data/cbnew/cb_list/?___jsl=LST___t=1562075410003
[2019-07-02T21:50:10.193] [INFO] 转债 - 网络请求完成:https://www.jisilu.cn/data/cbnew/cb_list/?___jsl=LST___t=1562075410003
[2019-07-02T21:50:10.194] [INFO] 转债 - 请求完成,等待处理,https://www.jisilu.cn/data/cbnew/cb_list/?___jsl=LST___t=1562075410003
[2019-07-02T21:50:10.194] [INFO] 转债 - 正在进行数据处理:https://www.jisilu.cn/data/cbnew/cb_list/?___jsl=LST___t=1562075410003
[2019-07-02T21:50:10.199] [ERROR] tip - 113532
[2019-07-02T21:50:10.207] [INFO] tip - 113508
[2019-07-02T21:50:10.209] [INFO] 转债 - 任务全部完成
[2019-07-02T21:54:20.259] [INFO] 转债 - 初始化规则,共找到1个
[2019-07-02T21:54:30.001] [INFO] tip - spider-go
[2019-07-02T21:54:30.002] [INFO] 转债 - 任务推送:https://www.jisilu.cn/data/cbnew/cb_list/?___jsl=LST___t=1562075670002
[2019-07-02T21:54:30.003] [INFO] 转债 - 正在进行请求,目前请求数量:1:url:https://www.jisilu.cn/data/cbnew/cb_list/?___jsl=LST___t=1562075670002
[2019-07-02T21:54:30.202] [INFO] 转债 - 网络请求完成:https://www.jisilu.cn/data/cbnew/cb_list/?___jsl=LST___t=1562075670002
[2019-07-02T21:54:30.202] [INFO] 转债 - 请求完成,等待处理,https://www.jisilu.cn/data/cbnew/cb_list/?___jsl=LST___t=1562075670002
[2019-07-02T21:54:30.203] [INFO] 转债 - 正在进行数据处理:https://www.jisilu.cn/data/cbnew/cb_list/?___jsl=LST___t=1562075670002
[2019-07-02T21:54:30.207] [ERROR] tip - 113532
[2019-07-02T21:54:30.213] [INFO] tip - 113508
[2019-07-02T21:54:30.215] [INFO] 转债 - 任务全部完成
[2019-07-02T22:01:21.839] [INFO] 转债 - 初始化规则,共找到1个
[2019-07-02T22:01:59.331] [INFO] 转债 - 初始化规则,共找到1个
[2019-07-02T22:02:00.001] [INFO] tip - spider-go
[2019-07-02T22:02:00.003] [INFO] 转债 - 任务推送:https://www.jisilu.cn/data/cbnew/cb_list/?___jsl=LST___t=1562076120002
[2019-07-02T22:02:00.004] [INFO] 转债 - 正在进行请求,目前请求数量:1:url:https://www.jisilu.cn/data/cbnew/cb_list/?___jsl=LST___t=1562076120002
[2019-07-02T22:02:00.199] [INFO] 转债 - 网络请求完成:https://www.jisilu.cn/data/cbnew/cb_list/?___jsl=LST___t=1562076120002
[2019-07-02T22:02:00.200] [INFO] 转债 - 请求完成,等待处理,https://www.jisilu.cn/data/cbnew/cb_list/?___jsl=LST___t=1562076120002
[2019-07-02T22:02:00.200] [INFO] 转债 - 正在进行数据处理:https://www.jisilu.cn/data/cbnew/cb_list/?___jsl=LST___t=1562076120002
[2019-07-02T22:02:00.205] [ERROR] tip - 113532
[2019-07-02T22:02:00.206] [INFO] tip - 113508
[2019-07-02T22:02:00.206] [INFO] 转债 - 任务全部完成
[2019-07-02T22:02:10.001] [INFO] tip - spider-go
[2019-07-02T22:02:10.011] [INFO] 转债 - 任务推送:https://www.jisilu.cn/data/cbnew/cb_list/?___jsl=LST___t=1562076130011
[2019-07-02T22:02:10.013] [INFO] 转债 - 正在进行请求,目前请求数量:1:url:https://www.jisilu.cn/data/cbnew/cb_list/?___jsl=LST___t=1562076130011
[2019-07-02T22:02:10.187] [INFO] 转债 - 网络请求完成:https://www.jisilu.cn/data/cbnew/cb_list/?___jsl=LST___t=1562076130011
[2019-07-02T22:02:10.188] [INFO] 转债 - 请求完成,等待处理,https://www.jisilu.cn/data/cbnew/cb_list/?___jsl=LST___t=1562076130011
[2019-07-02T22:02:10.188] [INFO] 转债 - 正在进行数据处理:https://www.jisilu.cn/data/cbnew/cb_list/?___jsl=LST___t=1562076130011
[2019-07-02T22:02:10.199] [INFO] 转债 - 任务全部完成
[2019-07-02T22:03:26.289] [INFO] 转债 - 初始化规则,共找到1个
[2019-07-02T22:03:30.001] [INFO] tip - spider-go
[2019-07-02T22:03:30.003] [INFO] 转债 - 任务推送:https://www.jisilu.cn/data/cbnew/cb_list/?___jsl=LST___t=1562076210002
[2019-07-02T22:03:30.004] [INFO] 转债 - 正在进行请求,目前请求数量:1:url:https://www.jisilu.cn/data/cbnew/cb_list/?___jsl=LST___t=1562076210002
[2019-07-02T22:03:30.207] [INFO] 转债 - 网络请求完成:https://www.jisilu.cn/data/cbnew/cb_list/?___jsl=LST___t=1562076210002
[2019-07-02T22:03:30.208] [INFO] 转债 - 请求完成,等待处理,https://www.jisilu.cn/data/cbnew/cb_list/?___jsl=LST___t=1562076210002
[2019-07-02T22:03:30.208] [INFO] 转债 - 正在进行数据处理:https://www.jisilu.cn/data/cbnew/cb_list/?___jsl=LST___t=1562076210002
[2019-07-02T22:03:30.213] [ERROR] tip - 113532
[2019-07-02T22:03:30.214] [INFO] tip - 113508
[2019-07-02T22:03:30.214] [INFO] 转债 - 任务全部完成
[2019-07-02T22:03:40.001] [INFO] tip - spider-go
[2019-07-02T22:03:40.013] [INFO] 转债 - 任务推送:https://www.jisilu.cn/data/cbnew/cb_list/?___jsl=LST___t=1562076220013
[2019-07-02T22:03:40.013] [INFO] 转债 - 正在进行请求,目前请求数量:1:url:https://www.jisilu.cn/data/cbnew/cb_list/?___jsl=LST___t=1562076220013
[2019-07-02T22:03:40.172] [INFO] 转债 - 网络请求完成:https://www.jisilu.cn/data/cbnew/cb_list/?___jsl=LST___t=1562076220013
[2019-07-02T22:03:40.173] [INFO] 转债 - 请求完成,等待处理,https://www.jisilu.cn/data/cbnew/cb_list/?___jsl=LST___t=1562076220013
[2019-07-02T22:03:40.174] [INFO] 转债 - 正在进行数据处理:https://www.jisilu.cn/data/cbnew/cb_list/?___jsl=LST___t=1562076220013
[2019-07-02T22:03:40.175] [INFO] 转债 - 任务全部完成
[2019-07-02T22:03:50.001] [INFO] tip - spider-go
[2019-07-02T22:03:50.011] [INFO] 转债 - 任务推送:https://www.jisilu.cn/data/cbnew/cb_list/?___jsl=LST___t=1562076230011
[2019-07-02T22:03:50.011] [INFO] 转债 - 正在进行请求,目前请求数量:1:url:https://www.jisilu.cn/data/cbnew/cb_list/?___jsl=LST___t=1562076230011
[2019-07-02T22:03:50.223] [INFO] 转债 - 网络请求完成:https://www.jisilu.cn/data/cbnew/cb_list/?___jsl=LST___t=1562076230011
[2019-07-02T22:03:50.223] [INFO] 转债 - 请求完成,等待处理,https://www.jisilu.cn/data/cbnew/cb_list/?___jsl=LST___t=1562076230011
[2019-07-02T22:03:50.224] [INFO] 转债 - 正在进行数据处理:https://www.jisilu.cn/data/cbnew/cb_list/?___jsl=LST___t=1562076230011
[2019-07-02T22:03:50.226] [INFO] 转债 - 任务全部完成
